app/build/intermediates/manifest_merge_blame_file/debug/processDebugMainManifest/manifest-merger-blame-debug-report.txt
1<?xml version="1.0" encoding="utf-8"?>
2<manifest xmlns:android="http://schemas.android.com/apk/res/android"
3    package="com.afyasalama"
4    android:versionCode="1"
5    android:versionName="1.0" >
6
7    <uses-sdk
8        android:minSdkVersion="24"
9        android:targetSdkVersion="34" />
10
11    <uses-permission android:name="android.permission.SCHEDULE_EXACT_ALARM" />
11-->src/main/AndroidManifest.xml:4:5-79
11-->src/main/AndroidManifest.xml:4:22-76
12    <uses-permission android:name="android.permission.POST_NOTIFICATIONS" />
12-->src/main/AndroidManifest.xml:5:5-77
12-->src/main/AndroidManifest.xml:5:22-74
13    <uses-permission android:name="android.permission.USE_FULL_SCREEN_INTENT" />
13-->src/main/AndroidManifest.xml:6:5-81
13-->src/main/AndroidManifest.xml:6:22-78
14    <uses-permission android:name="android.permission.VIBRATE" />
14-->src/main/AndroidManifest.xml:7:5-66
14-->src/main/AndroidManifest.xml:7:22-63
15    <uses-permission android:name="android.permission.WAKE_LOCK" />
15-->src/main/AndroidManifest.xml:8:5-68
15-->src/main/AndroidManifest.xml:8:22-65
16    <uses-permission android:name="android.permission.INTERNET" />
16-->src/main/AndroidManifest.xml:9:5-67
16-->src/main/AndroidManifest.xml:9:22-64
17    <uses-permission android:name="android.permission.ACTIVITY_RECOGNITION" />
17-->src/main/AndroidManifest.xml:10:5-79
17-->src/main/AndroidManifest.xml:10:22-76
18    <uses-permission android:name="android.permission.ACCESS_COARSE_LOCATION" />
18-->src/main/AndroidManifest.xml:11:5-81
18-->src/main/AndroidManifest.xml:11:22-78
19    <uses-permission android:name="android.permission.RECEIVE_BOOT_COMPLETED" />
19-->src/main/AndroidManifest.xml:12:5-81
19-->src/main/AndroidManifest.xml:12:22-78
20
21    <permission
21-->[androidx.core:core:1.9.0] AndroidManifest.xml:22:5-24:47
22        android:name="com.afyasalama.DYNAMIC_RECEIVER_NOT_EXPORTED_PERMISSION"
22-->[androidx.core:core:1.9.0] AndroidManifest.xml:23:9-81
23        android:protectionLevel="signature" />
23-->[androidx.core:core:1.9.0] AndroidManifest.xml:24:9-44
24
25    <uses-permission android:name="com.afyasalama.DYNAMIC_RECEIVER_NOT_EXPORTED_PERMISSION" />
25-->[androidx.core:core:1.9.0] AndroidManifest.xml:26:5-97
25-->[androidx.core:core:1.9.0] AndroidManifest.xml:26:22-94
26
27    <application
27-->src/main/AndroidManifest.xml:14:5-81:19
28        android:allowBackup="true"
28-->src/main/AndroidManifest.xml:15:9-35
29        android:appComponentFactory="androidx.core.app.CoreComponentFactory"
29-->[androidx.core:core:1.9.0] AndroidManifest.xml:28:18-86
30        android:debuggable="true"
31        android:extractNativeLibs="false"
32        android:icon="@drawable/ic_launcher_foreground"
32-->src/main/AndroidManifest.xml:16:9-56
33        android:label="@string/app_name"
33-->src/main/AndroidManifest.xml:17:9-41
34        android:roundIcon="@drawable/ic_launcher_foreground"
34-->src/main/AndroidManifest.xml:18:9-61
35        android:supportsRtl="true"
35-->src/main/AndroidManifest.xml:19:9-35
36        android:theme="@style/Theme.AfyaSalama" >
36-->src/main/AndroidManifest.xml:20:9-48
37        <activity
37-->src/main/AndroidManifest.xml:22:9-29:20
38            android:name="com.afyasalama.WelcomeActivity"
38-->src/main/AndroidManifest.xml:23:13-44
39            android:exported="true" >
39-->src/main/AndroidManifest.xml:24:13-36
40            <intent-filter>
40-->src/main/AndroidManifest.xml:25:13-28:29
41                <action android:name="android.intent.action.MAIN" />
41-->src/main/AndroidManifest.xml:26:17-69
41-->src/main/AndroidManifest.xml:26:25-66
42
43                <category android:name="android.intent.category.LAUNCHER" />
43-->src/main/AndroidManifest.xml:27:17-77
43-->src/main/AndroidManifest.xml:27:27-74
44            </intent-filter>
45        </activity>
46        <activity
46-->src/main/AndroidManifest.xml:31:9-33:40
47            android:name="com.afyasalama.MainActivity"
47-->src/main/AndroidManifest.xml:32:13-41
48            android:exported="false" />
48-->src/main/AndroidManifest.xml:33:13-37
49        <activity
49-->src/main/AndroidManifest.xml:35:9-37:40
50            android:name="com.afyasalama.LoginActivity"
50-->src/main/AndroidManifest.xml:36:13-42
51            android:exported="false" />
51-->src/main/AndroidManifest.xml:37:13-37
52        <activity
52-->src/main/AndroidManifest.xml:39:9-41:40
53            android:name="com.afyasalama.RegisterActivity"
53-->src/main/AndroidManifest.xml:40:13-45
54            android:exported="false" />
54-->src/main/AndroidManifest.xml:41:13-37
55        <activity
55-->src/main/AndroidManifest.xml:43:9-45:40
56            android:name="com.afyasalama.DashboardActivity"
56-->src/main/AndroidManifest.xml:44:13-46
57            android:exported="false" />
57-->src/main/AndroidManifest.xml:45:13-37
58        <activity
58-->src/main/AndroidManifest.xml:47:9-49:40
59            android:name="com.afyasalama.AddMedicationActivity"
59-->src/main/AndroidManifest.xml:48:13-50
60            android:exported="false" />
60-->src/main/AndroidManifest.xml:49:13-37
61        <activity
61-->src/main/AndroidManifest.xml:51:9-53:40
62            android:name="com.afyasalama.WaterIntakeActivity"
62-->src/main/AndroidManifest.xml:52:13-48
63            android:exported="false" />
63-->src/main/AndroidManifest.xml:53:13-37
64        <activity
64-->src/main/AndroidManifest.xml:55:9-57:40
65            android:name="com.afyasalama.DrugSearchActivity"
65-->src/main/AndroidManifest.xml:56:13-47
66            android:exported="false" />
66-->src/main/AndroidManifest.xml:57:13-37
67        <activity
67-->src/main/AndroidManifest.xml:59:9-61:40
68            android:name="com.afyasalama.DrugDetailActivity"
68-->src/main/AndroidManifest.xml:60:13-47
69            android:exported="false" />
69-->src/main/AndroidManifest.xml:61:13-37
70        <activity
70-->src/main/AndroidManifest.xml:63:9-69:43
71            android:name="com.afyasalama.AlarmActivity"
71-->src/main/AndroidManifest.xml:64:13-42
72            android:exported="false"
72-->src/main/AndroidManifest.xml:65:13-37
73            android:keepScreenOn="true"
73-->src/main/AndroidManifest.xml:69:13-40
74            android:launchMode="singleInstance"
74-->src/main/AndroidManifest.xml:66:13-48
75            android:showWhenLocked="true"
75-->src/main/AndroidManifest.xml:67:13-42
76            android:turnScreenOn="true" />
76-->src/main/AndroidManifest.xml:68:13-40
77
78        <receiver
78-->src/main/AndroidManifest.xml:71:9-74:39
79            android:name="com.afyasalama.receivers.AlarmReceiver"
79-->src/main/AndroidManifest.xml:72:13-52
80            android:enabled="true"
80-->src/main/AndroidManifest.xml:73:13-35
81            android:exported="true" />
81-->src/main/AndroidManifest.xml:74:13-36
82        <receiver
82-->src/main/AndroidManifest.xml:76:9-79:40
83            android:name="com.afyasalama.receivers.WaterReminderReceiver"
83-->src/main/AndroidManifest.xml:77:13-60
84            android:enabled="true"
84-->src/main/AndroidManifest.xml:78:13-35
85            android:exported="false" />
85-->src/main/AndroidManifest.xml:79:13-37
86
87        <activity
87-->[com.google.android.gms:play-services-base:18.3.0] AndroidManifest.xml:20:9-22:45
88            android:name="com.google.android.gms.common.api.GoogleApiActivity"
88-->[com.google.android.gms:play-services-base:18.3.0] AndroidManifest.xml:20:19-85
89            android:exported="false"
89-->[com.google.android.gms:play-services-base:18.3.0] AndroidManifest.xml:22:19-43
90            android:theme="@android:style/Theme.Translucent.NoTitleBar" />
90-->[com.google.android.gms:play-services-base:18.3.0] AndroidManifest.xml:21:19-78
91
92        <meta-data
92-->[com.google.android.gms:play-services-basement:18.3.0] AndroidManifest.xml:21:9-23:69
93            android:name="com.google.android.gms.version"
93-->[com.google.android.gms:play-services-basement:18.3.0] AndroidManifest.xml:22:13-58
94            android:value="@integer/google_play_services_version" />
94-->[com.google.android.gms:play-services-basement:18.3.0] AndroidManifest.xml:23:13-66
95
96        <provider
96-->[androidx.emoji2:emoji2:1.2.0] AndroidManifest.xml:24:9-32:20
97            android:name="androidx.startup.InitializationProvider"
97-->[androidx.emoji2:emoji2:1.2.0] AndroidManifest.xml:25:13-67
98            android:authorities="com.afyasalama.androidx-startup"
98-->[androidx.emoji2:emoji2:1.2.0] AndroidManifest.xml:26:13-68
99            android:exported="false" >
99-->[androidx.emoji2:emoji2:1.2.0] AndroidManifest.xml:27:13-37
100            <meta-data
100-->[androidx.emoji2:emoji2:1.2.0] AndroidManifest.xml:29:13-31:52
101                android:name="androidx.emoji2.text.EmojiCompatInitializer"
101-->[androidx.emoji2:emoji2:1.2.0] AndroidManifest.xml:30:17-75
102                android:value="androidx.startup" />
102-->[androidx.emoji2:emoji2:1.2.0] AndroidManifest.xml:31:17-49
103            <meta-data
103-->[androidx.lifecycle:lifecycle-process:2.6.1] AndroidManifest.xml:29:13-31:52
104                android:name="androidx.lifecycle.ProcessLifecycleInitializer"
104-->[androidx.lifecycle:lifecycle-process:2.6.1] AndroidManifest.xml:30:17-78
105                android:value="androidx.startup" />
105-->[androidx.lifecycle:lifecycle-process:2.6.1] AndroidManifest.xml:31:17-49
106            <meta-data
106-->[androidx.profileinstaller:profileinstaller:1.3.0] AndroidManifest.xml:29:13-31:52
107                android:name="androidx.profileinstaller.ProfileInstallerInitializer"
107-->[androidx.profileinstaller:profileinstaller:1.3.0] AndroidManifest.xml:30:17-85
108                android:value="androidx.startup" />
108-->[androidx.profileinstaller:profileinstaller:1.3.0] AndroidManifest.xml:31:17-49
109        </provider>
110
111        <receiver
111-->[androidx.profileinstaller:profileinstaller:1.3.0] AndroidManifest.xml:34:9-52:20
112            android:name="androidx.profileinstaller.ProfileInstallReceiver"
112-->[androidx.profileinstaller:profileinstaller:1.3.0] AndroidManifest.xml:35:13-76
113            android:directBootAware="false"
113-->[androidx.profileinstaller:profileinstaller:1.3.0] AndroidManifest.xml:36:13-44
114            android:enabled="true"
114-->[androidx.profileinstaller:profileinstaller:1.3.0] AndroidManifest.xml:37:13-35
115            android:exported="true"
115-->[androidx.profileinstaller:profileinstaller:1.3.0] AndroidManifest.xml:38:13-36
116            android:permission="android.permission.DUMP" >
116-->[androidx.profileinstaller:profileinstaller:1.3.0] AndroidManifest.xml:39:13-57
117            <intent-filter>
117-->[androidx.profileinstaller:profileinstaller:1.3.0] AndroidManifest.xml:40:13-42:29
118                <action android:name="androidx.profileinstaller.action.INSTALL_PROFILE" />
118-->[androidx.profileinstaller:profileinstaller:1.3.0] AndroidManifest.xml:41:17-91
118-->[androidx.profileinstaller:profileinstaller:1.3.0] AndroidManifest.xml:41:25-88
119            </intent-filter>
120            <intent-filter>
120-->[androidx.profileinstaller:profileinstaller:1.3.0] AndroidManifest.xml:43:13-45:29
121                <action android:name="androidx.profileinstaller.action.SKIP_FILE" />
121-->[androidx.profileinstaller:profileinstaller:1.3.0] AndroidManifest.xml:44:17-85
121-->[androidx.profileinstaller:profileinstaller:1.3.0] AndroidManifest.xml:44:25-82
122            </intent-filter>
123            <intent-filter>
123-->[androidx.profileinstaller:profileinstaller:1.3.0] AndroidManifest.xml:46:13-48:29
124                <action android:name="androidx.profileinstaller.action.SAVE_PROFILE" />
124-->[androidx.profileinstaller:profileinstaller:1.3.0] AndroidManifest.xml:47:17-88
124-->[androidx.profileinstaller:profileinstaller:1.3.0] AndroidManifest.xml:47:25-85
125            </intent-filter>
126            <intent-filter>
126-->[androidx.profileinstaller:profileinstaller:1.3.0] AndroidManifest.xml:49:13-51:29
127                <action android:name="androidx.profileinstaller.action.BENCHMARK_OPERATION" />
127-->[androidx.profileinstaller:profileinstaller:1.3.0] AndroidManifest.xml:50:17-95
127-->[androidx.profileinstaller:profileinstaller:1.3.0] AndroidManifest.xml:50:25-92
128            </intent-filter>
129        </receiver>
130    </application>
131
132</manifest>